2022-04-04 12:36:59.305242 zmdc[426954].INF [ZMServer:411] [Server starting at 22/04/04 12:36:59]
2022-04-04 12:36:59.305346 zmdc[426954].DB1 [ZMServer:863] [killall -q -s TERM zmc]
2022-04-04 12:36:59.310207 zmdc[426954].DB1 [ZMServer:863] [killall -q -s TERM zmfilter.pl]
2022-04-04 12:36:59.314549 zmdc[426954].DB1 [ZMServer:863] [killall -q -s TERM zmaudit.pl]
2022-04-04 12:36:59.320131 zmdc[426954].DB1 [ZMServer:863] [killall -q -s TERM zmtrigger.pl]
2022-04-04 12:36:59.323848 zmdc[426954].DB1 [ZMServer:863] [killall -q -s TERM zmx10.pl]
2022-04-04 12:36:59.327824 zmdc[426954].DB1 [ZMServer:863] [killall -q -s TERM zmwatch.pl]
2022-04-04 12:36:59.332316 zmdc[426954].DB1 [ZMServer:863] [killall -q -s TERM zmupdate.pl]
2022-04-04 12:36:59.336637 zmdc[426954].DB1 [ZMServer:863] [killall -q -s TERM zmstats.pl]
2022-04-04 12:36:59.340633 zmdc[426954].DB1 [ZMServer:863] [killall -q -s TERM zmtrack.pl]
2022-04-04 12:36:59.346155 zmdc[426954].DB1 [ZMServer:863] [killall -q -s TERM zmcontrol.pl]
2022-04-04 12:36:59.350577 zmdc[426954].DB1 [ZMServer:863] [killall -q -s TERM zm_rtsp_server]
2022-04-04 12:36:59.354860 zmdc[426954].DB1 [ZMServer:863] [killall -q -s TERM zmtelemetry.pl]
2022-04-04 12:36:59.502207 zmdc[426951].DB1 [main:194] [Waiting for zmdc.pl server process at /run/zm/zmdc.sock, attempt 2]
2022-04-04 12:36:59.702545 zmdc[426951].DB1 [main:194] [Waiting for zmdc.pl server process at /run/zm/zmdc.sock, attempt 3]
2022-04-04 12:36:59.902833 zmdc[426951].DB1 [main:194] [Waiting for zmdc.pl server process at /run/zm/zmdc.sock, attempt 4]
2022-04-04 12:37:00.103122 zmdc[426951].DB1 [main:194] [Waiting for zmdc.pl server process at /run/zm/zmdc.sock, attempt 5]
2022-04-04 12:37:00.303403 zmdc[426951].DB1 [main:194] [Waiting for zmdc.pl server process at /run/zm/zmdc.sock, attempt 6]
2022-04-04 12:37:00.360111 zmdc[426954].DB1 [ZMServer:869] [killall -q -s KILL zmc]
2022-04-04 12:37:00.364410 zmdc[426954].DB1 [ZMServer:869] [killall -q -s KILL zmfilter.pl]
2022-04-04 12:37:00.368511 zmdc[426954].DB1 [ZMServer:869] [killall -q -s KILL zmaudit.pl]
2022-04-04 12:37:00.372393 zmdc[426954].DB1 [ZMServer:869] [killall -q -s KILL zmtrigger.pl]
2022-04-04 12:37:00.376176 zmdc[426954].DB1 [ZMServer:869] [killall -q -s KILL zmx10.pl]
2022-04-04 12:37:00.380066 zmdc[426954].DB1 [ZMServer:869] [killall -q -s KILL zmwatch.pl]
2022-04-04 12:37:00.383960 zmdc[426954].DB1 [ZMServer:869] [killall -q -s KILL zmupdate.pl]
2022-04-04 12:37:00.387803 zmdc[426954].DB1 [ZMServer:869] [killall -q -s KILL zmstats.pl]
2022-04-04 12:37:00.391596 zmdc[426954].DB1 [ZMServer:869] [killall -q -s KILL zmtrack.pl]
2022-04-04 12:37:00.395398 zmdc[426954].DB1 [ZMServer:869] [killall -q -s KILL zmcontrol.pl]
2022-04-04 12:37:00.399186 zmdc[426954].DB1 [ZMServer:869] [killall -q -s KILL zm_rtsp_server]
2022-04-04 12:37:00.403101 zmdc[426954].DB1 [ZMServer:869] [killall -q -s KILL zmtelemetry.pl]
2022-04-04 12:37:00.406992 zmdc[426954].INF [ZMServer:411] [Socket should be open at /run/zm/zmdc.sock]
2022-04-04 12:37:00.686621 zmdc[426988].INF [ZMServer:411] ['zmfilter.pl --filter_id=1 --daemon' started at 22/04/04 12:37:00]
2022-04-04 12:37:00.686620 zmdc[426954].INF [ZMServer:411] ['zmfilter.pl --filter_id=1 --daemon' starting at 22/04/04 12:37:00, pid = 426988]
2022-04-04 12:37:00.874626 zmdc[426954].INF [ZMServer:411] ['zmfilter.pl --filter_id=2 --daemon' starting at 22/04/04 12:37:00, pid = 426993]
2022-04-04 12:37:00.874633 zmdc[426993].INF [ZMServer:411] ['zmfilter.pl --filter_id=2 --daemon' started at 22/04/04 12:37:00]
2022-04-04 12:37:01.066568 zmdc[426954].INF [ZMServer:411] ['zmaudit.pl -c' starting at 22/04/04 12:37:01, pid = 426998]
2022-04-04 12:37:01.066592 zmdc[426998].INF [ZMServer:411] ['zmaudit.pl -c' started at 22/04/04 12:37:01]
2022-04-04 12:37:01.249147 zmdc[427004].INF [ZMServer:411] ['zmtrigger.pl' started at 22/04/04 12:37:01]
2022-04-04 12:37:01.249145 zmdc[426954].INF [ZMServer:411] ['zmtrigger.pl' starting at 22/04/04 12:37:01, pid = 427004]
2022-04-04 12:37:01.449609 zmdc[426954].INF [ZMServer:411] ['zmwatch.pl' starting at 22/04/04 12:37:01, pid = 427009]
2022-04-04 12:37:01.449614 zmdc[427009].INF [ZMServer:411] ['zmwatch.pl' started at 22/04/04 12:37:01]
2022-04-04 12:37:01.648959 zmdc[427014].INF [ZMServer:411] ['zmtelemetry.pl' started at 22/04/04 12:37:01]
2022-04-04 12:37:01.648954 zmdc[426954].INF [ZMServer:411] ['zmtelemetry.pl' starting at 22/04/04 12:37:01, pid = 427014]
2022-04-04 12:37:01.833792 zmdc[426954].INF [ZMServer:411] ['zmstats.pl' starting at 22/04/04 12:37:01, pid = 427019]
2022-04-04 12:37:01.833852 zmdc[427019].INF [ZMServer:411] ['zmstats.pl' started at 22/04/04 12:37:01]
2022-04-04 12:37:02.035410 zmdc[426954].INF [ZMServer:411] ['zm_rtsp_server' starting at 22/04/04 12:37:02, pid = 427025]
2022-04-04 12:37:02.035419 zmdc[427025].INF [ZMServer:411] ['zm_rtsp_server' started at 22/04/04 12:37:02]
2022-04-04 12:37:23.905535 zmdc[426954].DB1 [ZMServer:409] ['zmc -m 1' not running]
2022-04-04 12:37:24.190687 zmdc[426954].DB1 [ZMServer:409] ['zmc -m 2' not running]
2022-04-04 12:37:24.456462 zmdc[426954].DB1 [ZMServer:409] ['zmc -m 4' not running]
2022-04-04 12:37:24.739022 zmdc[426954].DB1 [ZMServer:409] ['zmc -m 6' not running]
2022-04-04 12:37:31.782672 zmdc[426954].WAR [ZMServer:413] [Can't find process with command of 'zmc -m 1']
2022-04-04 12:37:31.966224 zmdc[426954].INF [ZMServer:411] ['zmc -m 1' starting at 22/04/04 12:37:31, pid = 427074]
2022-04-04 12:37:31.966228 zmdc[427074].INF [ZMServer:411] ['zmc -m 1' started at 22/04/04 12:37:31]
2022-04-04 12:37:32.143942 zmdc[426954].WAR [ZMServer:413] [Can't find process with command of 'zmc -m 2']
2022-04-04 12:37:32.312235 zmdc[426954].INF [ZMServer:411] ['zmc -m 2' starting at 22/04/04 12:37:32, pid = 427080]
2022-04-04 12:37:32.312253 zmdc[427080].INF [ZMServer:411] ['zmc -m 2' started at 22/04/04 12:37:32]
2022-04-04 12:37:32.494909 zmdc[426954].WAR [ZMServer:413] [Can't find process with command of 'zmc -m 6']
2022-04-04 12:37:32.652684 zmdc[426954].INF [ZMServer:411] ['zmc -m 6' starting at 22/04/04 12:37:32, pid = 427086]
2022-04-04 12:37:32.652918 zmdc[427086].INF [ZMServer:411] ['zmc -m 6' started at 22/04/04 12:37:32]
2022-04-04 12:37:53.928287 zmdc[426954].DB1 [ZMServer:409] ['zmc -m 1' running since 22/04/04 12:37:31, pid = 427074]
2022-04-04 12:37:54.219108 zmdc[426954].DB1 [ZMServer:409] ['zmc -m 2' running since 22/04/04 12:37:32, pid = 427080]
2022-04-04 12:37:54.497715 zmdc[426954].DB1 [ZMServer:409] ['zmc -m 4' not running]
2022-04-04 12:37:54.801352 zmdc[426954].DB1 [ZMServer:409] ['zmc -m 6' running since 22/04/04 12:37:32, pid = 427086]
2022-04-04 12:37:55.038265 zmdc[426954].DB1 [ZMServer:409] ['zmc -m 1' running since 22/04/04 12:37:31, pid = 427074]
2022-04-04 12:37:55.349005 zmdc[426954].DB1 [ZMServer:409] ['zmc -m 2' running since 22/04/04 12:37:32, pid = 427080]
2022-04-04 12:37:55.739230 zmdc[426954].DB1 [ZMServer:409] ['zmc -m 6' running since 22/04/04 12:37:32, pid = 427086]
2022-04-04 12:38:23.926184 zmdc[426954].DB1 [ZMServer:409] ['zmc -m 1' running since 22/04/04 12:37:31, pid = 427074]
2022-04-04 12:38:24.235535 zmdc[426954].DB1 [ZMServer:409] ['zmc -m 2' running since 22/04/04 12:37:32, pid = 427080]
2022-04-04 12:38:24.557681 zmdc[426954].DB1 [ZMServer:409] ['zmc -m 4' not running]
2022-04-04 12:38:24.832087 zmdc[426954].DB1 [ZMServer:409] ['zmc -m 6' running since 22/04/04 12:37:32, pid = 427086]
2022-04-04 12:38:25.036137 zmdc[426954].DB1 [ZMServer:409] ['zmc -m 1' running since 22/04/04 12:37:31, pid = 427074]
2022-04-04 12:38:25.344276 zmdc[426954].DB1 [ZMServer:409] ['zmc -m 2' running since 22/04/04 12:37:32, pid = 427080]
2022-04-04 12:38:25.733000 zmdc[426954].DB1 [ZMServer:409] ['zmc -m 6' running since 22/04/04 12:37:32, pid = 427086]
^[[1;2022-04-04 12:38:53.933232 zmdc[426954].DB1 [ZMServer:409] ['zmc -m 1' running since 22/04/04 12:37:31, pid = 427074]
2022-04-04 12:38:54.259810 zmdc[426954].DB1 [ZMServer:409] ['zmc -m 2' running since 22/04/04 12:37:32, pid = 427080]
2022-04-04 12:38:54.557509 zmdc[426954].DB1 [ZMServer:409] ['zmc -m 4' not running]